<?xml version="1.0" encoding="UTF-8"?>
<coverage generated="1779050165362" clover="3.2.0">
  <project timestamp="1779050165362" name="All files">
    <metrics statements="60" coveredstatements="60" conditionals="21" coveredconditionals="21" methods="18" coveredmethods="18" elements="99" coveredelements="99" complexity="0" loc="60" ncloc="60" packages="1" files="1" classes="1"/>
    <file name="matchSimulator.ts" path="/home/jonasjhh/github/jonasjhh/fm2k/src/match-simulator/matchSimulator.ts">
      <metrics statements="60" coveredstatements="60" conditionals="21" coveredconditionals="21" methods="18" coveredmethods="18"/>
      <line num="3" count="2" type="stmt"/>
      <line num="4" count="3043" type="cond" truecount="1" falsecount="0"/>
      <line num="5" count="3" type="stmt"/>
      <line num="8" count="2" type="stmt"/>
      <line num="9" count="2" type="stmt"/>
      <line num="24" count="2" type="stmt"/>
      <line num="27" count="63" type="stmt"/>
      <line num="31" count="63" type="stmt"/>
      <line num="32" count="63" type="stmt"/>
      <line num="33" count="63" type="stmt"/>
      <line num="34" count="63" type="stmt"/>
      <line num="38" count="63" type="stmt"/>
      <line num="39" count="63" type="stmt"/>
      <line num="40" count="63" type="stmt"/>
      <line num="41" count="63" type="stmt"/>
      <line num="42" count="63" type="stmt"/>
      <line num="46" count="71" type="stmt"/>
      <line num="67" count="1829" type="stmt"/>
      <line num="68" count="1829" type="stmt"/>
      <line num="70" count="1829" type="stmt"/>
      <line num="71" count="1829" type="stmt"/>
      <line num="72" count="3076" type="stmt"/>
      <line num="73" count="3076" type="cond" truecount="1" falsecount="0"/>
      <line num="74" count="3037" type="stmt"/>
      <line num="75" count="3037" type="stmt"/>
      <line num="76" count="3037" type="stmt"/>
      <line num="80" count="1829" type="stmt"/>
      <line num="81" count="1829" type="stmt"/>
      <line num="83" count="1829" type="cond" truecount="4" falsecount="0"/>
      <line num="84" count="23" type="stmt"/>
      <line num="85" count="23" type="stmt"/>
      <line num="86" count="1806" type="cond" truecount="4" falsecount="0"/>
      <line num="87" count="22" type="cond" truecount="2" falsecount="0"/>
      <line num="88" count="22" type="stmt"/>
      <line num="94" count="22" type="stmt"/>
      <line num="95" count="1784" type="cond" truecount="3" falsecount="0"/>
      <line num="96" count="21" type="stmt"/>
      <line num="97" count="21" type="stmt"/>
      <line num="104" count="1829" type="stmt"/>
      <line num="108" count="8" type="stmt"/>
      <line num="109" count="8" type="stmt"/>
      <line num="111" count="8" type="stmt"/>
      <line num="112" count="720" type="stmt"/>
      <line num="113" count="720" type="stmt"/>
      <line num="114" count="720" type="stmt"/>
      <line num="117" count="8" type="stmt"/>
      <line num="125" count="47" type="stmt"/>
      <line num="129" count="3" type="stmt"/>
      <line num="134" count="66" type="stmt"/>
      <line num="145" count="1434" type="stmt"/>
      <line num="146" count="1434" type="stmt"/>
      <line num="148" count="680" type="cond" truecount="2" falsecount="0"/>
      <line num="149" count="754" type="cond" truecount="2" falsecount="0"/>
      <line num="151" count="680" type="stmt"/>
      <line num="152" count="754" type="stmt"/>
      <line num="153" count="754" type="stmt"/>
      <line num="154" count="680" type="stmt"/>
      <line num="156" count="8" type="stmt"/>
      <line num="157" count="8" type="stmt"/>
      <line num="159" count="8" type="stmt"/>
    </file>
  </project>
</coverage>
