{"/home/jonasjhh/github/jonasjhh/fm2k/src/match-simulator/matchSimulator.ts": {"path":"/home/jonasjhh/github/jonasjhh/fm2k/src/match-simulator/matchSimulator.ts","statementMap":{"0":{"start":{"line":3,"column":0},"end":{"line":3,"column":16}},"1":{"start":{"line":4,"column":2},"end":{"line":4,"column":42}},"2":{"start":{"line":4,"column":27},"end":{"line":4,"column":42}},"3":{"start":{"line":5,"column":2},"end":{"line":5,"column":64}},"4":{"start":{"line":8,"column":0},"end":{"line":8,"column":53}},"5":{"start":{"line":9,"column":0},"end":{"line":9,"column":null}},"6":{"start":{"line":27,"column":10},"end":{"line":27,"column":36}},"7":{"start":{"line":31,"column":4},"end":{"line":31,"column":25}},"8":{"start":{"line":32,"column":4},"end":{"line":32,"column":47}},"9":{"start":{"line":33,"column":4},"end":{"line":33,"column":38}},"10":{"start":{"line":34,"column":4},"end":{"line":34,"column":50}},"11":{"start":{"line":38,"column":4},"end":{"line":38,"column":79}},"12":{"start":{"line":39,"column":4},"end":{"line":39,"column":74}},"13":{"start":{"line":40,"column":4},"end":{"line":40,"column":72}},"14":{"start":{"line":41,"column":4},"end":{"line":41,"column":84}},"15":{"start":{"line":42,"column":4},"end":{"line":42,"column":68}},"16":{"start":{"line":46,"column":4},"end":{"line":63,"column":6}},"17":{"start":{"line":67,"column":33},"end":{"line":67,"column":35}},"18":{"start":{"line":68,"column":23},"end":{"line":68,"column":28}},"19":{"start":{"line":70,"column":18},"end":{"line":70,"column":77}},"20":{"start":{"line":71,"column":4},"end":{"line":78,"column":5}},"21":{"start":{"line":71,"column":17},"end":{"line":71,"column":18}},"22":{"start":{"line":72,"column":20},"end":{"line":72,"column":72}},"23":{"start":{"line":73,"column":6},"end":{"line":77,"column":7}},"24":{"start":{"line":74,"column":22},"end":{"line":74,"column":51}},"25":{"start":{"line":75,"column":8},"end":{"line":75,"column":30}},"26":{"start":{"line":76,"column":8},"end":{"line":76,"column":69}},"27":{"start":{"line":80,"column":23},"end":{"line":80,"column":46}},"28":{"start":{"line":81,"column":32},"end":{"line":81,"column":71}},"29":{"start":{"line":83,"column":4},"end":{"line":102,"column":5}},"30":{"start":{"line":84,"column":6},"end":{"line":84,"column":55}},"31":{"start":{"line":85,"column":6},"end":{"line":85,"column":78}},"32":{"start":{"line":86,"column":11},"end":{"line":102,"column":5}},"33":{"start":{"line":87,"column":28},"end":{"line":87,"column":77}},"34":{"start":{"line":88,"column":6},"end":{"line":93,"column":8}},"35":{"start":{"line":94,"column":6},"end":{"line":94,"column":85}},"36":{"start":{"line":95,"column":11},"end":{"line":102,"column":5}},"37":{"start":{"line":96,"column":6},"end":{"line":96,"column":55}},"38":{"start":{"line":97,"column":6},"end":{"line":101,"column":9}},"39":{"start":{"line":104,"column":4},"end":{"line":104,"column":33}},"40":{"start":{"line":108,"column":4},"end":{"line":108,"column":21}},"41":{"start":{"line":109,"column":4},"end":{"line":109,"column":50}},"42":{"start":{"line":111,"column":4},"end":{"line":115,"column":5}},"43":{"start":{"line":112,"column":36},"end":{"line":112,"column":74}},"44":{"start":{"line":113,"column":6},"end":{"line":113,"column":34}},"45":{"start":{"line":114,"column":6},"end":{"line":114,"column":36}},"46":{"start":{"line":117,"column":4},"end":{"line":121,"column":6}},"47":{"start":{"line":125,"column":4},"end":{"line":125,"column":36}},"48":{"start":{"line":129,"column":4},"end":{"line":129,"column":28}},"49":{"start":{"line":134,"column":4},"end":{"line":141,"column":6}},"50":{"start":{"line":145,"column":23},"end":{"line":145,"column":65}},"51":{"start":{"line":145,"column":47},"end":{"line":145,"column":64}},"52":{"start":{"line":146,"column":23},"end":{"line":146,"column":65}},"53":{"start":{"line":146,"column":47},"end":{"line":146,"column":64}},"54":{"start":{"line":148,"column":22},"end":{"line":148,"column":91}},"55":{"start":{"line":148,"column":45},"end":{"line":148,"column":83}},"56":{"start":{"line":149,"column":22},"end":{"line":149,"column":91}},"57":{"start":{"line":149,"column":45},"end":{"line":149,"column":83}},"58":{"start":{"line":151,"column":30},"end":{"line":152,"column":78}},"59":{"start":{"line":151,"column":53},"end":{"line":151,"column":70}},"60":{"start":{"line":152,"column":53},"end":{"line":152,"column":70}},"61":{"start":{"line":153,"column":30},"end":{"line":154,"column":78}},"62":{"start":{"line":153,"column":53},"end":{"line":153,"column":70}},"63":{"start":{"line":154,"column":53},"end":{"line":154,"column":70}},"64":{"start":{"line":156,"column":27},"end":{"line":156,"column":85}},"65":{"start":{"line":157,"column":27},"end":{"line":157,"column":47}},"66":{"start":{"line":159,"column":4},"end":{"line":169,"column":6}},"67":{"start":{"line":24,"column":0},"end":{"line":24,"column":13}}},"fnMap":{"0":{"name":"flattenMatchEventChain","decl":{"start":{"line":3,"column":16},"end":{"line":3,"column":38}},"loc":{"start":{"line":3,"column":56},"end":{"line":6,"column":1}}},"1":{"name":"(anonymous_1)","decl":{"start":{"line":30,"column":2},"end":{"line":30,"column":14}},"loc":{"start":{"line":30,"column":33},"end":{"line":35,"column":3}}},"2":{"name":"(anonymous_2)","decl":{"start":{"line":37,"column":10},"end":{"line":37,"column":36}},"loc":{"start":{"line":37,"column":36},"end":{"line":43,"column":3}}},"3":{"name":"(anonymous_3)","decl":{"start":{"line":45,"column":10},"end":{"line":45,"column":28}},"loc":{"start":{"line":45,"column":28},"end":{"line":64,"column":3}}},"4":{"name":"(anonymous_4)","decl":{"start":{"line":66,"column":2},"end":{"line":66,"column":16}},"loc":{"start":{"line":66,"column":34},"end":{"line":105,"column":3}}},"5":{"name":"(anonymous_5)","decl":{"start":{"line":107,"column":2},"end":{"line":107,"column":10}},"loc":{"start":{"line":107,"column":10},"end":{"line":122,"column":3}}},"6":{"name":"(anonymous_6)","decl":{"start":{"line":124,"column":2},"end":{"line":124,"column":17}},"loc":{"start":{"line":124,"column":17},"end":{"line":126,"column":3}}},"7":{"name":"(anonymous_7)","decl":{"start":{"line":128,"column":2},"end":{"line":128,"column":11}},"loc":{"start":{"line":128,"column":11},"end":{"line":130,"column":3}}},"8":{"name":"(anonymous_8)","decl":{"start":{"line":133,"column":10},"end":{"line":133,"column":26}},"loc":{"start":{"line":133,"column":82},"end":{"line":142,"column":3}}},"9":{"name":"(anonymous_9)","decl":{"start":{"line":144,"column":10},"end":{"line":144,"column":29}},"loc":{"start":{"line":144,"column":29},"end":{"line":170,"column":3}}},"10":{"name":"(anonymous_10)","decl":{"start":{"line":145,"column":42},"end":{"line":145,"column":43}},"loc":{"start":{"line":145,"column":47},"end":{"line":145,"column":64}}},"11":{"name":"(anonymous_11)","decl":{"start":{"line":146,"column":42},"end":{"line":146,"column":43}},"loc":{"start":{"line":146,"column":47},"end":{"line":146,"column":64}}},"12":{"name":"(anonymous_12)","decl":{"start":{"line":148,"column":40},"end":{"line":148,"column":41}},"loc":{"start":{"line":148,"column":45},"end":{"line":148,"column":83}}},"13":{"name":"(anonymous_13)","decl":{"start":{"line":149,"column":40},"end":{"line":149,"column":41}},"loc":{"start":{"line":149,"column":45},"end":{"line":149,"column":83}}},"14":{"name":"(anonymous_14)","decl":{"start":{"line":151,"column":48},"end":{"line":151,"column":49}},"loc":{"start":{"line":151,"column":53},"end":{"line":151,"column":70}}},"15":{"name":"(anonymous_15)","decl":{"start":{"line":152,"column":48},"end":{"line":152,"column":49}},"loc":{"start":{"line":152,"column":53},"end":{"line":152,"column":70}}},"16":{"name":"(anonymous_16)","decl":{"start":{"line":153,"column":48},"end":{"line":153,"column":49}},"loc":{"start":{"line":153,"column":53},"end":{"line":153,"column":70}}},"17":{"name":"(anonymous_17)","decl":{"start":{"line":154,"column":48},"end":{"line":154,"column":49}},"loc":{"start":{"line":154,"column":53},"end":{"line":154,"column":70}}}},"branchMap":{"0":{"loc":{"start":{"line":4,"column":2},"end":{"line":4,"column":42}},"type":"if","locations":[{"start":{"line":4,"column":2},"end":{"line":4,"column":42}}]},"1":{"loc":{"start":{"line":50,"column":18},"end":{"line":50,"column":55}},"type":"cond-expr","locations":[{"start":{"line":50,"column":40},"end":{"line":50,"column":46}},{"start":{"line":50,"column":49},"end":{"line":50,"column":55}}]},"2":{"loc":{"start":{"line":73,"column":6},"end":{"line":77,"column":7}},"type":"if","locations":[{"start":{"line":73,"column":6},"end":{"line":77,"column":7}}]},"3":{"loc":{"start":{"line":83,"column":4},"end":{"line":102,"column":5}},"type":"if","locations":[{"start":{"line":83,"column":4},"end":{"line":102,"column":5}},{"start":{"line":86,"column":11},"end":{"line":102,"column":5}}]},"4":{"loc":{"start":{"line":83,"column":8},"end":{"line":83,"column":64}},"type":"binary-expr","locations":[{"start":{"line":83,"column":8},"end":{"line":83,"column":25}},{"start":{"line":83,"column":29},"end":{"line":83,"column":64}}]},"5":{"loc":{"start":{"line":86,"column":11},"end":{"line":102,"column":5}},"type":"if","locations":[{"start":{"line":86,"column":11},"end":{"line":102,"column":5}},{"start":{"line":95,"column":11},"end":{"line":102,"column":5}}]},"6":{"loc":{"start":{"line":86,"column":15},"end":{"line":86,"column":70}},"type":"binary-expr","locations":[{"start":{"line":86,"column":15},"end":{"line":86,"column":32}},{"start":{"line":86,"column":36},"end":{"line":86,"column":70}}]},"7":{"loc":{"start":{"line":87,"column":28},"end":{"line":87,"column":77}},"type":"cond-expr","locations":[{"start":{"line":87,"column":62},"end":{"line":87,"column":68}},{"start":{"line":87,"column":71},"end":{"line":87,"column":77}}]},"8":{"loc":{"start":{"line":95,"column":11},"end":{"line":102,"column":5}},"type":"if","locations":[{"start":{"line":95,"column":11},"end":{"line":102,"column":5}}]},"9":{"loc":{"start":{"line":95,"column":15},"end":{"line":95,"column":72}},"type":"binary-expr","locations":[{"start":{"line":95,"column":15},"end":{"line":95,"column":32}},{"start":{"line":95,"column":36},"end":{"line":95,"column":72}}]},"10":{"loc":{"start":{"line":148,"column":45},"end":{"line":148,"column":83}},"type":"binary-expr","locations":[{"start":{"line":148,"column":45},"end":{"line":148,"column":62}},{"start":{"line":148,"column":66},"end":{"line":148,"column":83}}]},"11":{"loc":{"start":{"line":149,"column":45},"end":{"line":149,"column":83}},"type":"binary-expr","locations":[{"start":{"line":149,"column":45},"end":{"line":149,"column":62}},{"start":{"line":149,"column":66},"end":{"line":149,"column":83}}]}},"s":{"0":2,"1":3043,"2":3040,"3":3,"4":2,"5":2,"6":63,"7":63,"8":63,"9":63,"10":63,"11":63,"12":63,"13":63,"14":63,"15":63,"16":71,"17":1829,"18":1829,"19":1829,"20":1829,"21":1829,"22":3076,"23":3076,"24":3037,"25":3037,"26":3037,"27":1829,"28":1829,"29":1829,"30":23,"31":23,"32":1806,"33":22,"34":22,"35":22,"36":1784,"37":21,"38":21,"39":1829,"40":8,"41":8,"42":8,"43":720,"44":720,"45":720,"46":8,"47":47,"48":3,"49":66,"50":8,"51":1434,"52":8,"53":1434,"54":8,"55":680,"56":8,"57":754,"58":8,"59":680,"60":754,"61":8,"62":754,"63":680,"64":8,"65":8,"66":8,"67":2},"f":{"0":3043,"1":63,"2":63,"3":71,"4":1829,"5":8,"6":47,"7":3,"8":66,"9":8,"10":1434,"11":1434,"12":680,"13":754,"14":680,"15":754,"16":754,"17":680},"b":{"0":[3040],"1":[34,37],"2":[3037],"3":[23,1806],"4":[1829,23],"5":[22,1784],"6":[1806,22],"7":[12,10],"8":[21],"9":[1784,21],"10":[680,572],"11":[754,617]}}
}
