TN:
SF:src/match-simulator/matchSimulator.ts
FN:3,flattenMatchEventChain
FN:30,(anonymous_1)
FN:37,(anonymous_2)
FN:45,(anonymous_3)
FN:66,(anonymous_4)
FN:107,(anonymous_5)
FN:124,(anonymous_6)
FN:128,(anonymous_7)
FN:133,(anonymous_8)
FN:144,(anonymous_9)
FN:145,(anonymous_10)
FN:146,(anonymous_11)
FN:148,(anonymous_12)
FN:149,(anonymous_13)
FN:151,(anonymous_14)
FN:152,(anonymous_15)
FN:153,(anonymous_16)
FN:154,(anonymous_17)
FNF:18
FNH:18
FNDA:3043,flattenMatchEventChain
FNDA:63,(anonymous_1)
FNDA:63,(anonymous_2)
FNDA:71,(anonymous_3)
FNDA:1829,(anonymous_4)
FNDA:8,(anonymous_5)
FNDA:47,(anonymous_6)
FNDA:3,(anonymous_7)
FNDA:66,(anonymous_8)
FNDA:8,(anonymous_9)
FNDA:1434,(anonymous_10)
FNDA:1434,(anonymous_11)
FNDA:680,(anonymous_12)
FNDA:754,(anonymous_13)
FNDA:680,(anonymous_14)
FNDA:754,(anonymous_15)
FNDA:754,(anonymous_16)
FNDA:680,(anonymous_17)
DA:3,2
DA:4,3043
DA:5,3
DA:8,2
DA:9,2
DA:24,2
DA:27,63
DA:31,63
DA:32,63
DA:33,63
DA:34,63
DA:38,63
DA:39,63
DA:40,63
DA:41,63
DA:42,63
DA:46,71
DA:67,1829
DA:68,1829
DA:70,1829
DA:71,1829
DA:72,3076
DA:73,3076
DA:74,3037
DA:75,3037
DA:76,3037
DA:80,1829
DA:81,1829
DA:83,1829
DA:84,23
DA:85,23
DA:86,1806
DA:87,22
DA:88,22
DA:94,22
DA:95,1784
DA:96,21
DA:97,21
DA:104,1829
DA:108,8
DA:109,8
DA:111,8
DA:112,720
DA:113,720
DA:114,720
DA:117,8
DA:125,47
DA:129,3
DA:134,66
DA:145,1434
DA:146,1434
DA:148,680
DA:149,754
DA:151,680
DA:152,754
DA:153,754
DA:154,680
DA:156,8
DA:157,8
DA:159,8
LF:60
LH:60
BRDA:4,0,0,3040
BRDA:50,1,0,34
BRDA:50,1,1,37
BRDA:73,2,0,3037
BRDA:83,3,0,23
BRDA:83,3,1,1806
BRDA:83,4,0,1829
BRDA:83,4,1,23
BRDA:86,5,0,22
BRDA:86,5,1,1784
BRDA:86,6,0,1806
BRDA:86,6,1,22
BRDA:87,7,0,12
BRDA:87,7,1,10
BRDA:95,8,0,21
BRDA:95,9,0,1784
BRDA:95,9,1,21
BRDA:148,10,0,680
BRDA:148,10,1,572
BRDA:149,11,0,754
BRDA:149,11,1,617
BRF:21
BRH:21
end_of_record
